Analysis & Synthesis report for practica5
Tue Apr 20 13:15:05 2021
Quartus II 64-Bit Version 13.0.1 Build 232 06/12/2013 Service Pack 1 SJ Web Edition


---------------------
; Table of Contents ;
---------------------
  1. Legal Notice
  2. Analysis & Synthesis Summary
  3. Analysis & Synthesis Settings
  4. Parallel Compilation
  5. Analysis & Synthesis Source Files Read
  6. Analysis & Synthesis Resource Usage Summary
  7. Analysis & Synthesis Resource Utilization by Entity
  8. State Machine - |UnidadControl|estado_act
  9. General Register Statistics
 10. Multiplexer Restructuring Statistics (Restructuring Performed)
 11. Elapsed Time Per Partition
 12. Analysis & Synthesis Messages



----------------
; Legal Notice ;
----------------
Copyright (C) 1991-2013 Altera Corporation
Your use of Altera Corporation's design tools, logic functions 
and other software and tools, and its AMPP partner logic 
functions, and any output files from any of the foregoing 
(including device programming or simulation files), and any 
associated documentation or information are expressly subject 
to the terms and conditions of the Altera Program License 
Subscription Agreement, Altera MegaCore Function License 
Agreement, or other applicable license agreement, including, 
without limitation, that your use is for the sole purpose of 
programming logic devices manufactured by Altera and sold by 
Altera or its authorized distributors.  Please refer to the 
applicable agreement for further details.



+--------------------------------------------------------------------------------------+
; Analysis & Synthesis Summary                                                         ;
+------------------------------------+-------------------------------------------------+
; Analysis & Synthesis Status        ; Successful - Tue Apr 20 13:15:05 2021           ;
; Quartus II 64-Bit Version          ; 13.0.1 Build 232 06/12/2013 SP 1 SJ Web Edition ;
; Revision Name                      ; practica5                                       ;
; Top-level Entity Name              ; UnidadControl                                   ;
; Family                             ; Cyclone II                                      ;
; Total logic elements               ; 37                                              ;
;     Total combinational functions  ; 35                                              ;
;     Dedicated logic registers      ; 15                                              ;
; Total registers                    ; 15                                              ;
; Total pins                         ; 59                                              ;
; Total virtual pins                 ; 0                                               ;
; Total memory bits                  ; 0                                               ;
; Embedded Multiplier 9-bit elements ; 0                                               ;
; Total PLLs                         ; 0                                               ;
+------------------------------------+-------------------------------------------------+


+----------------------------------------------------------------------------------------------------------------------+
; Analysis & Synthesis Settings                                                                                        ;
+----------------------------------------------------------------------------+--------------------+--------------------+
; Option                                                                     ; Setting            ; Default Value      ;
+----------------------------------------------------------------------------+--------------------+--------------------+
; Device                                                                     ; EP2C20F484C7       ;                    ;
; Top-level entity name                                                      ; UnidadControl      ; practica5          ;
; Family name                                                                ; Cyclone II         ; Cyclone IV GX      ;
; Use smart compilation                                                      ; Off                ; Off                ;
; Enable parallel Assembler and TimeQuest Timing Analyzer during compilation ; On                 ; On                 ;
; Enable compact report table                                                ; Off                ; Off                ;
; Restructure Multiplexers                                                   ; Auto               ; Auto               ;
; Create Debugging Nodes for IP Cores                                        ; Off                ; Off                ;
; Preserve fewer node names                                                  ; On                 ; On                 ;
; Disable OpenCore Plus hardware evaluation                                  ; Off                ; Off                ;
; Verilog Version                                                            ; Verilog_2001       ; Verilog_2001       ;
; VHDL Version                                                               ; VHDL_1993          ; VHDL_1993          ;
; State Machine Processing                                                   ; Auto               ; Auto               ;
; Safe State Machine                                                         ; Off                ; Off                ;
; Extract Verilog State Machines                                             ; On                 ; On                 ;
; Extract VHDL State Machines                                                ; On                 ; On                 ;
; Ignore Verilog initial constructs                                          ; Off                ; Off                ;
; Iteration limit for constant Verilog loops                                 ; 5000               ; 5000               ;
; Iteration limit for non-constant Verilog loops                             ; 250                ; 250                ;
; Add Pass-Through Logic to Inferred RAMs                                    ; On                 ; On                 ;
; Infer RAMs from Raw Logic                                                  ; On                 ; On                 ;
; Parallel Synthesis                                                         ; On                 ; On                 ;
; DSP Block Balancing                                                        ; Auto               ; Auto               ;
; NOT Gate Push-Back                                                         ; On                 ; On                 ;
; Power-Up Don't Care                                                        ; On                 ; On                 ;
; Remove Redundant Logic Cells                                               ; Off                ; Off                ;
; Remove Duplicate Registers                                                 ; On                 ; On                 ;
; Ignore CARRY Buffers                                                       ; Off                ; Off                ;
; Ignore CASCADE Buffers                                                     ; Off                ; Off                ;
; Ignore GLOBAL Buffers                                                      ; Off                ; Off                ;
; Ignore ROW GLOBAL Buffers                                                  ; Off                ; Off                ;
; Ignore LCELL Buffers                                                       ; Off                ; Off                ;
; Ignore SOFT Buffers                                                        ; On                 ; On                 ;
; Limit AHDL Integers to 32 Bits                                             ; Off                ; Off                ;
; Optimization Technique                                                     ; Balanced           ; Balanced           ;
; Carry Chain Length                                                         ; 70                 ; 70                 ;
; Auto Carry Chains                                                          ; On                 ; On                 ;
; Auto Open-Drain Pins                                                       ; On                 ; On                 ;
; Perform WYSIWYG Primitive Resynthesis                                      ; Off                ; Off                ;
; Auto ROM Replacement                                                       ; On                 ; On                 ;
; Auto RAM Replacement                                                       ; On                 ; On                 ;
; Auto Shift Register Replacement                                            ; Auto               ; Auto               ;
; Allow Shift Register Merging across Hierarchies                            ; Auto               ; Auto               ;
; Auto Clock Enable Replacement                                              ; On                 ; On                 ;
; Strict RAM Replacement                                                     ; Off                ; Off                ;
; Allow Synchronous Control Signals                                          ; On                 ; On                 ;
; Force Use of Synchronous Clear Signals                                     ; Off                ; Off                ;
; Auto RAM to Logic Cell Conversion                                          ; Off                ; Off                ;
; Auto Resource Sharing                                                      ; Off                ; Off                ;
; Allow Any RAM Size For Recognition                                         ; Off                ; Off                ;
; Allow Any ROM Size For Recognition                                         ; Off                ; Off                ;
; Allow Any Shift Register Size For Recognition                              ; Off                ; Off                ;
; Use LogicLock Constraints during Resource Balancing                        ; On                 ; On                 ;
; Ignore translate_off and synthesis_off directives                          ; Off                ; Off                ;
; Timing-Driven Synthesis                                                    ; Off                ; Off                ;
; Report Parameter Settings                                                  ; On                 ; On                 ;
; Report Source Assignments                                                  ; On                 ; On                 ;
; Report Connectivity Checks                                                 ; On                 ; On                 ;
; Ignore Maximum Fan-Out Assignments                                         ; Off                ; Off                ;
; Synchronization Register Chain Length                                      ; 2                  ; 2                  ;
; PowerPlay Power Optimization                                               ; Normal compilation ; Normal compilation ;
; HDL message level                                                          ; Level2             ; Level2             ;
; Suppress Register Optimization Related Messages                            ; Off                ; Off                ;
; Number of Removed Registers Reported in Synthesis Report                   ; 5000               ; 5000               ;
; Number of Swept Nodes Reported in Synthesis Report                         ; 5000               ; 5000               ;
; Number of Inverted Registers Reported in Synthesis Report                  ; 100                ; 100                ;
; Clock MUX Protection                                                       ; On                 ; On                 ;
; Auto Gated Clock Conversion                                                ; Off                ; Off                ;
; Block Design Naming                                                        ; Auto               ; Auto               ;
; SDC constraint protection                                                  ; Off                ; Off                ;
; Synthesis Effort                                                           ; Auto               ; Auto               ;
; Shift Register Replacement - Allow Asynchronous Clear Signal               ; On                 ; On                 ;
; Pre-Mapping Resynthesis Optimization                                       ; Off                ; Off                ;
; Analysis & Synthesis Message Level                                         ; Medium             ; Medium             ;
; Disable Register Merging Across Hierarchies                                ; Auto               ; Auto               ;
; Resource Aware Inference For Block RAM                                     ; On                 ; On                 ;
; Synthesis Seed                                                             ; 1                  ; 1                  ;
+----------------------------------------------------------------------------+--------------------+--------------------+


Parallel compilation was disabled, but you have multiple processors available. Enable parallel compilation to reduce compilation time.
+-------------------------------------+
; Parallel Compilation                ;
+----------------------------+--------+
; Processors                 ; Number ;
+----------------------------+--------+
; Number detected on machine ; 8      ;
; Maximum allowed            ; 1      ;
+----------------------------+--------+


+----------------------------------------------------------------------------------------------------------------------------------------------------+
; Analysis & Synthesis Source Files Read                                                                                                             ;
+----------------------------------+-----------------+-----------------+-------------------------------------------------------------------+---------+
; File Name with User-Entered Path ; Used in Netlist ; File Type       ; File Name with Absolute Path                                      ; Library ;
+----------------------------------+-----------------+-----------------+-------------------------------------------------------------------+---------+
; UnidadControl.vhd                ; yes             ; User VHDL File  ; C:/altera/13.0sp1/SistemasDigitalesII/practica5/UnidadControl.vhd ;         ;
+----------------------------------+-----------------+-----------------+-------------------------------------------------------------------+---------+


+-----------------------------------------------------+
; Analysis & Synthesis Resource Usage Summary         ;
+---------------------------------------------+-------+
; Resource                                    ; Usage ;
+---------------------------------------------+-------+
; Estimated Total logic elements              ; 37    ;
;                                             ;       ;
; Total combinational functions               ; 35    ;
; Logic element usage by number of LUT inputs ;       ;
;     -- 4 input functions                    ; 11    ;
;     -- 3 input functions                    ; 19    ;
;     -- <=2 input functions                  ; 5     ;
;                                             ;       ;
; Logic elements by mode                      ;       ;
;     -- normal mode                          ; 35    ;
;     -- arithmetic mode                      ; 0     ;
;                                             ;       ;
; Total registers                             ; 15    ;
;     -- Dedicated logic registers            ; 15    ;
;     -- I/O registers                        ; 0     ;
;                                             ;       ;
; I/O pins                                    ; 59    ;
; Embedded Multiplier 9-bit elements          ; 0     ;
; Maximum fan-out node                        ; clk   ;
; Maximum fan-out                             ; 15    ;
; Total fan-out                               ; 178   ;
; Average fan-out                             ; 1.63  ;
+---------------------------------------------+-------+


+-----------------------------------------------------------------------------------------------------------------------------------------------------------------------------+
; Analysis & Synthesis Resource Utilization by Entity                                                                                                                         ;
+----------------------------+-------------------+--------------+-------------+--------------+---------+-----------+------+--------------+---------------------+--------------+
; Compilation Hierarchy Node ; LC Combinationals ; LC Registers ; Memory Bits ; DSP Elements ; DSP 9x9 ; DSP 18x18 ; Pins ; Virtual Pins ; Full Hierarchy Name ; Library Name ;
+----------------------------+-------------------+--------------+-------------+--------------+---------+-----------+------+--------------+---------------------+--------------+
; |UnidadControl             ; 35 (35)           ; 15 (15)      ; 0           ; 0            ; 0       ; 0         ; 59   ; 0            ; |UnidadControl      ; work         ;
+----------------------------+-------------------+--------------+-------------+--------------+---------+-----------+------+--------------+---------------------+--------------+
Note: For table entries with two numbers listed, the numbers in parentheses indicate the number of resources of the given type used by the specific entity alone. The numbers listed outside of parentheses indicate the total resources of the given type used by the specific entity and all of its sub-entities in the hierarchy.


Encoding Type:  One-Hot
+---------------------------------------------------------------------------------------------------------------------------------------------------------------------------------------------------------------------------------------------------------------------------------------------------------+
; State Machine - |UnidadControl|estado_act                                                                                                                                                                                                                                                               ;
+--------------------+-----------------+----------------+-----------------+----------------+------------------+----------------+----------------+--------------------+------------------+-------------------+------------------+-----------------+------------------+------------------+------------------+
; Name               ; estado_act.Jalr ; estado_act.Jal ; estado_act.Inm3 ; estado_act.lw5 ; estado_act.Arit4 ; estado_act.sw4 ; estado_act.lw4 ; estado_act.SalCond ; estado_act.Arit3 ; estado_act.auipc3 ; estado_act.lwsw3 ; estado_act.lui3 ; estado_act.Decod ; estado_act.Fetch ; estado_act.Reset ;
+--------------------+-----------------+----------------+-----------------+----------------+------------------+----------------+----------------+--------------------+------------------+-------------------+------------------+-----------------+------------------+------------------+------------------+
; estado_act.Reset   ; 0               ; 0              ; 0               ; 0              ; 0                ; 0              ; 0              ; 0                  ; 0                ; 0                 ; 0                ; 0               ; 0                ; 0                ; 0                ;
; estado_act.Fetch   ; 0               ; 0              ; 0               ; 0              ; 0                ; 0              ; 0              ; 0                  ; 0                ; 0                 ; 0                ; 0               ; 0                ; 1                ; 1                ;
; estado_act.Decod   ; 0               ; 0              ; 0               ; 0              ; 0                ; 0              ; 0              ; 0                  ; 0                ; 0                 ; 0                ; 0               ; 1                ; 0                ; 1                ;
; estado_act.lui3    ; 0               ; 0              ; 0               ; 0              ; 0                ; 0              ; 0              ; 0                  ; 0                ; 0                 ; 0                ; 1               ; 0                ; 0                ; 1                ;
; estado_act.lwsw3   ; 0               ; 0              ; 0               ; 0              ; 0                ; 0              ; 0              ; 0                  ; 0                ; 0                 ; 1                ; 0               ; 0                ; 0                ; 1                ;
; estado_act.auipc3  ; 0               ; 0              ; 0               ; 0              ; 0                ; 0              ; 0              ; 0                  ; 0                ; 1                 ; 0                ; 0               ; 0                ; 0                ; 1                ;
; estado_act.Arit3   ; 0               ; 0              ; 0               ; 0              ; 0                ; 0              ; 0              ; 0                  ; 1                ; 0                 ; 0                ; 0               ; 0                ; 0                ; 1                ;
; estado_act.SalCond ; 0               ; 0              ; 0               ; 0              ; 0                ; 0              ; 0              ; 1                  ; 0                ; 0                 ; 0                ; 0               ; 0                ; 0                ; 1                ;
; estado_act.lw4     ; 0               ; 0              ; 0               ; 0              ; 0                ; 0              ; 1              ; 0                  ; 0                ; 0                 ; 0                ; 0               ; 0                ; 0                ; 1                ;
; estado_act.sw4     ; 0               ; 0              ; 0               ; 0              ; 0                ; 1              ; 0              ; 0                  ; 0                ; 0                 ; 0                ; 0               ; 0                ; 0                ; 1                ;
; estado_act.Arit4   ; 0               ; 0              ; 0               ; 0              ; 1                ; 0              ; 0              ; 0                  ; 0                ; 0                 ; 0                ; 0               ; 0                ; 0                ; 1                ;
; estado_act.lw5     ; 0               ; 0              ; 0               ; 1              ; 0                ; 0              ; 0              ; 0                  ; 0                ; 0                 ; 0                ; 0               ; 0                ; 0                ; 1                ;
; estado_act.Inm3    ; 0               ; 0              ; 1               ; 0              ; 0                ; 0              ; 0              ; 0                  ; 0                ; 0                 ; 0                ; 0               ; 0                ; 0                ; 1                ;
; estado_act.Jal     ; 0               ; 1              ; 0               ; 0              ; 0                ; 0              ; 0              ; 0                  ; 0                ; 0                 ; 0                ; 0               ; 0                ; 0                ; 1                ;
; estado_act.Jalr    ; 1               ; 0              ; 0               ; 0              ; 0                ; 0              ; 0              ; 0                  ; 0                ; 0                 ; 0                ; 0               ; 0                ; 0                ; 1                ;
+--------------------+-----------------+----------------+-----------------+----------------+------------------+----------------+----------------+--------------------+------------------+-------------------+------------------+-----------------+------------------+------------------+------------------+


+------------------------------------------------------+
; General Register Statistics                          ;
+----------------------------------------------+-------+
; Statistic                                    ; Value ;
+----------------------------------------------+-------+
; Total registers                              ; 15    ;
; Number of registers using Synchronous Clear  ; 0     ;
; Number of registers using Synchronous Load   ; 0     ;
; Number of registers using Asynchronous Clear ; 15    ;
; Number of registers using Asynchronous Load  ; 0     ;
; Number of registers using Clock Enable       ; 0     ;
; Number of registers using Preset             ; 0     ;
+----------------------------------------------+-------+


+------------------------------------------------------------------------------------------------------------------------------------------+
; Multiplexer Restructuring Statistics (Restructuring Performed)                                                                           ;
+--------------------+-----------+---------------+----------------------+------------------------+------------+----------------------------+
; Multiplexer Inputs ; Bus Width ; Baseline Area ; Area if Restructured ; Saving if Restructured ; Registered ; Example Multiplexer Output ;
+--------------------+-----------+---------------+----------------------+------------------------+------------+----------------------------+
; 3:1                ; 11 bits   ; 22 LEs        ; 22 LEs               ; 0 LEs                  ; No         ; |UnidadControl|estado_sig  ;
; 32:1               ; 8 bits    ; 168 LEs       ; 48 LEs               ; 120 LEs                ; No         ; |UnidadControl|estado_sig  ;
+--------------------+-----------+---------------+----------------------+------------------------+------------+----------------------------+


+-------------------------------+
; Elapsed Time Per Partition    ;
+----------------+--------------+
; Partition Name ; Elapsed Time ;
+----------------+--------------+
; Top            ; 00:00:00     ;
+----------------+--------------+


+-------------------------------+
; Analysis & Synthesis Messages ;
+-------------------------------+
Info: *******************************************************************
Info: Running Quartus II 64-Bit Analysis & Synthesis
    Info: Version 13.0.1 Build 232 06/12/2013 Service Pack 1 SJ Web Edition
    Info: Processing started: Tue Apr 20 13:15:04 2021
Info: Command: quartus_map --read_settings_files=on --write_settings_files=off practica5 -c practica5
Warning (20028): Parallel compilation is not licensed and has been disabled
Info (12021): Found 2 design units, including 1 entities, in source file unidadcontrol.vhd
    Info (12022): Found design unit 1: UnidadControl-behavioral
    Info (12023): Found entity 1: UnidadControl
Info (12021): Found 2 design units, including 1 entities, in source file alu.vhd
    Info (12022): Found design unit 1: ALU-behavioral
    Info (12023): Found entity 1: ALU
Info (12021): Found 2 design units, including 1 entities, in source file rom.vhd
    Info (12022): Found design unit 1: ROM-Behavioural
    Info (12023): Found entity 1: ROM
Info (12021): Found 2 design units, including 1 entities, in source file data_path.vhd
    Info (12022): Found design unit 1: Data_path-structural
    Info (12023): Found entity 1: Data_path
Info (12021): Found 2 design units, including 1 entities, in source file bancoregistros.vhd
    Info (12022): Found design unit 1: BancoRegistros-behavioral
    Info (12023): Found entity 1: BancoRegistros
Info (12021): Found 2 design units, including 1 entities, in source file inmgen.vhd
    Info (12022): Found design unit 1: InmGen-behavioral
    Info (12023): Found entity 1: InmGen
Info (12021): Found 2 design units, including 1 entities, in source file ram.vhd
    Info (12022): Found design unit 1: Ram-arch_ram
    Info (12023): Found entity 1: Ram
Info (12021): Found 2 design units, including 1 entities, in source file ram_core.vhd
    Info (12022): Found design unit 1: ram_core-behavioral
    Info (12023): Found entity 1: ram_core
Info (12127): Elaborating entity "UnidadControl" for the top level hierarchy
Warning (10812): VHDL warning at UnidadControl.vhd(94): sensitivity list already contains start
Warning (10492): VHDL Process Statement warning at UnidadControl.vhd(144): signal "opcode" is read inside the Process Statement but isn't in the Process Statement's sensitivity list
Warning (10620): VHDL warning at UnidadControl.vhd(144): comparison between unequal length operands always returns FALSE
Warning (10492): VHDL Process Statement warning at UnidadControl.vhd(153): signal "ir_out" is read inside the Process Statement but isn't in the Process Statement's sensitivity list
Warning (10492): VHDL Process Statement warning at UnidadControl.vhd(154): signal "ir_out" is read inside the Process Statement but isn't in the Process Statement's sensitivity list
Warning (10492): VHDL Process Statement warning at UnidadControl.vhd(156): signal "ir_out" is read inside the Process Statement but isn't in the Process Statement's sensitivity list
Warning (10492): VHDL Process Statement warning at UnidadControl.vhd(168): signal "ir_out" is read inside the Process Statement but isn't in the Process Statement's sensitivity list
Warning (10492): VHDL Process Statement warning at UnidadControl.vhd(182): signal "ir_out" is read inside the Process Statement but isn't in the Process Statement's sensitivity list
Warning (13024): Output pins are stuck at VCC or GND
    Warning (13410): Pin "m_banco[0]" is stuck at GND
    Warning (13410): Pin "in_ram" is stuck at GND
Info (16010): Generating hard_block partition "hard_block:auto_generated_inst"
    Info (16011): Adding 0 node(s), including 0 DDIO, 0 PLL, 0 transceiver and 0 LCELL
Warning (21074): Design contains 23 input pin(s) that do not drive logic
    Warning (15610): No output dependent on input pin "ir_out[0]"
    Warning (15610): No output dependent on input pin "ir_out[1]"
    Warning (15610): No output dependent on input pin "ir_out[7]"
    Warning (15610): No output dependent on input pin "ir_out[8]"
    Warning (15610): No output dependent on input pin "ir_out[9]"
    Warning (15610): No output dependent on input pin "ir_out[10]"
    Warning (15610): No output dependent on input pin "ir_out[11]"
    Warning (15610): No output dependent on input pin "ir_out[15]"
    Warning (15610): No output dependent on input pin "ir_out[16]"
    Warning (15610): No output dependent on input pin "ir_out[17]"
    Warning (15610): No output dependent on input pin "ir_out[18]"
    Warning (15610): No output dependent on input pin "ir_out[19]"
    Warning (15610): No output dependent on input pin "ir_out[20]"
    Warning (15610): No output dependent on input pin "ir_out[21]"
    Warning (15610): No output dependent on input pin "ir_out[22]"
    Warning (15610): No output dependent on input pin "ir_out[23]"
    Warning (15610): No output dependent on input pin "ir_out[24]"
    Warning (15610): No output dependent on input pin "ir_out[25]"
    Warning (15610): No output dependent on input pin "ir_out[26]"
    Warning (15610): No output dependent on input pin "ir_out[27]"
    Warning (15610): No output dependent on input pin "ir_out[28]"
    Warning (15610): No output dependent on input pin "ir_out[29]"
    Warning (15610): No output dependent on input pin "ir_out[31]"
Info (21057): Implemented 96 device resources after synthesis - the final resource count might be different
    Info (21058): Implemented 34 input pins
    Info (21059): Implemented 25 output pins
    Info (21061): Implemented 37 logic cells
Info: Quartus II 64-Bit Analysis & Synthesis was successful. 0 errors, 36 warnings
    Info: Peak virtual memory: 4641 megabytes
    Info: Processing ended: Tue Apr 20 13:15:05 2021
    Info: Elapsed time: 00:00:01
    Info: Total CPU time (on all processors): 00:00:01


